<?xml version="1.0" encoding="UTF-8"?>
<testsuite errors="0" failures="0" hostname="betterSoft-PC" name="SuperParkingBoyTest" tests="4" time="0.0090" timestamp="2012-12-20T14:58:55">
  <properties />
  <testcase classname="SuperParkingBoyTest" name="should_have_50_percent_vacancy_rate" time="0.0020" />
  <testcase classname="SuperParkingBoyTest" name="should_get_a_lot_with_max_vacancy_rate" time="0.0010" />
  <testcase classname="SuperParkingBoyTest" name="should_have_100_percent_vacancy_rate" time="0.0" />
  <testcase classname="SuperParkingBoyTest" name="should_park_a_car_in_a_lot_with_max_vacancy_rate" time="0.0010" />
  <system-out><![CDATA[]]></system-out>
  <system-err><![CDATA[]]></system-err>
</testsuite>
