<?xml version="1.0" encoding="UTF-8"?>
<testsuite errors="0" failures="0" hostname="betterSoft-PC" name="ParkingManagerTest" tests="1" time="0.227" timestamp="2012-12-20T14:58:55">
  <properties />
  <testcase classname="ParkingManagerTest" name="should_park_a_car_in_a_lot_owned_by_manager" time="0.036" />
  <system-out><![CDATA[]]></system-out>
  <system-err><![CDATA[]]></system-err>
</testsuite>
