<?xml version="1.0" encoding="UTF-8"?>
<testsuite errors="0" failures="0" hostname="betterSoft-PC" name="ParkingTest" tests="9" time="0.017" timestamp="2012-12-20T17:11:47">
  <properties />
  <testcase classname="ParkingTest" name="should_get_a_lot_with_max_space" time="0.0010" />
  <testcase classname="ParkingTest" name="should_get_a_car_and_carNumber_minus_1" time="0.0" />
  <testcase classname="ParkingTest" name="should_return_fail_add_car_to_no_space_parking" time="0.0" />
  <testcase classname="ParkingTest" name="should_return_a_ticket" time="0.0" />
  <testcase classname="ParkingTest" name="should_get_original_car_by_correct_carId" time="0.0" />
  <testcase classname="ParkingTest" name="should_get_exception_by_wrong_carId" time="0.0" />
  <testcase classname="ParkingTest" name="should_park_a_car_in_a_lot_with_max_space" time="0.0" />
  <testcase classname="ParkingTest" name="should_throw_No_Car_Exception_when_get_a_car_from_empty_park" time="0.0" />
  <testcase classname="ParkingTest" name="should_get_exception_in_second_time_to_get_a_car" time="0.0010" />
  <system-out><![CDATA[]]></system-out>
  <system-err><![CDATA[]]></system-err>
</testsuite>
